TN:
SF:database/connection.js
FN:11,(anonymous_0)
FNF:1
FNH:0
FNDA:0,(anonymous_0)
DA:2,2
DA:3,2
DA:5,2
DA:6,0
DA:9,2
DA:11,2
DA:12,0
DA:13,0
DA:14,0
DA:15,0
DA:17,0
DA:18,0
DA:22,2
DA:23,2
DA:24,2
LF:15
LH:8
BRDA:5,0,0,0
BRDA:5,0,1,2
BRF:2
BRH:1
end_of_record
TN:
SF:database/test_current_state.js
FN:3,testCurrentDatabaseState
FN:64,(anonymous_1)
FN:92,(anonymous_2)
FN:104,(anonymous_3)
FN:108,(anonymous_4)
FNF:5
FNH:0
FNDA:0,testCurrentDatabaseState
FNDA:0,(anonymous_1)
FNDA:0,(anonymous_2)
FNDA:0,(anonymous_3)
FNDA:0,(anonymous_4)
DA:1,0
DA:4,0
DA:6,0
DA:8,0
DA:9,0
DA:16,0
DA:17,0
DA:20,0
DA:21,0
DA:29,0
DA:30,0
DA:33,0
DA:44,0
DA:46,0
DA:47,0
DA:51,0
DA:52,0
DA:63,0
DA:64,0
DA:65,0
DA:69,0
DA:70,0
DA:75,0
DA:78,0
DA:79,0
DA:83,0
DA:84,0
DA:91,0
DA:92,0
DA:93,0
DA:97,0
DA:98,0
DA:103,0
DA:105,0
DA:106,0
DA:109,0
DA:110,0
LF:37
LH:0
BRDA:16,0,0,0
BRDA:16,0,1,0
BRDA:29,1,0,0
BRDA:29,1,1,0
BRF:4
BRH:0
end_of_record
TN:
SF:middleware/anti-scraping.js
FN:6,(anonymous_0)
FN:13,(anonymous_1)
FN:75,(anonymous_2)
FN:98,(anonymous_3)
FN:112,(anonymous_4)
FN:124,(anonymous_5)
FNF:6
FNH:0
FNDA:0,(anonymous_0)
FNDA:0,(anonymous_1)
FNDA:0,(anonymous_2)
FNDA:0,(anonymous_3)
FNDA:0,(anonymous_4)
FNDA:0,(anonymous_5)
DA:1,0
DA:2,0
DA:3,0
DA:6,0
DA:7,0
DA:14,0
DA:23,0
DA:46,0
DA:75,0
DA:76,0
DA:80,0
DA:83,0
DA:85,0
DA:86,0
DA:98,0
DA:99,0
DA:102,0
DA:103,0
DA:104,0
DA:111,0
DA:112,0
DA:113,0
DA:116,0
DA:117,0
DA:118,0
DA:124,0
DA:125,0
DA:126,0
DA:127,0
DA:134,0
DA:141,0
DA:145,0
DA:147,0
DA:153,0
DA:159,0
DA:165,0
LF:36
LH:0
BRDA:76,0,0,0
BRDA:76,0,1,0
BRDA:76,0,2,0
BRDA:83,1,0,0
BRDA:83,1,1,0
BRDA:85,2,0,0
BRDA:85,2,1,0
BRDA:102,3,0,0
BRDA:102,3,1,0
BRDA:111,4,0,0
BRDA:111,4,1,0
BRDA:116,5,0,0
BRDA:116,5,1,0
BRDA:125,6,0,0
BRDA:125,6,1,0
BRDA:148,7,0,0
BRDA:148,7,1,0
BRDA:149,8,0,0
BRDA:149,8,1,0
BRDA:154,9,0,0
BRDA:154,9,1,0
BRDA:155,10,0,0
BRDA:155,10,1,0
BRDA:160,11,0,0
BRDA:160,11,1,0
BRDA:161,12,0,0
BRDA:161,12,1,0
BRF:27
BRH:0
end_of_record
TN:
SF:middleware/auth.js
FN:9,(anonymous_0)
FN:55,(anonymous_1)
FN:68,(anonymous_2)
FN:91,(anonymous_3)
FNF:4
FNH:3
FNDA:9,(anonymous_0)
FNDA:0,(anonymous_1)
FNDA:6,(anonymous_2)
FNDA:7,(anonymous_3)
DA:1,2
DA:2,2
DA:3,2
DA:7,2
DA:9,2
DA:10,9
DA:11,9
DA:12,9
DA:13,9
DA:15,9
DA:16,2
DA:17,2
DA:21,7
DA:22,7
DA:23,7
DA:25,0
DA:26,0
DA:30,7
DA:33,7
DA:35,7
DA:36,0
DA:37,0
DA:40,7
DA:46,7
DA:48,7
DA:50,0
DA:51,0
DA:55,2
DA:56,0
DA:57,0
DA:61,0
DA:62,0
DA:65,0
DA:68,2
DA:69,6
DA:70,0
DA:71,0
DA:75,6
DA:76,0
DA:77,0
DA:78,0
DA:82,6
DA:83,6
DA:84,6
DA:87,0
DA:88,0
DA:91,2
DA:92,7
DA:93,1
DA:94,1
DA:96,6
DA:97,6
DA:100,2
LF:53
LH:35
BRDA:3,0,0,2
BRDA:3,0,1,0
BRDA:13,1,0,9
BRDA:13,1,1,7
BRDA:15,2,0,2
BRDA:15,2,1,7
BRDA:35,3,0,0
BRDA:35,3,1,7
BRDA:56,4,0,0
BRDA:56,4,1,0
BRDA:61,5,0,0
BRDA:61,5,1,0
BRDA:69,6,0,0
BRDA:69,6,1,6
BRDA:75,7,0,0
BRDA:75,7,1,6
BRDA:82,8,0,6
BRDA:82,8,1,0
BRDA:82,9,0,6
BRDA:82,9,1,6
BRDA:92,10,0,1
BRDA:92,10,1,6
BRF:22
BRH:13
end_of_record
TN:
SF:middleware/errorHandler.js
FN:11,(anonymous_0)
FN:59,(anonymous_1)
FN:87,(anonymous_2)
FN:126,(anonymous_3)
FN:134,(anonymous_4)
FN:135,(anonymous_5)
FN:142,(anonymous_6)
FN:150,(anonymous_7)
FN:158,(anonymous_8)
FN:166,(anonymous_9)
FN:174,(anonymous_10)
FNF:11
FNH:6
FNDA:4,(anonymous_0)
FNDA:4,(anonymous_1)
FNDA:4,(anonymous_2)
FNDA:0,(anonymous_3)
FNDA:8,(anonymous_4)
FNDA:7,(anonymous_5)
FNDA:0,(anonymous_6)
FNDA:4,(anonymous_7)
FNDA:0,(anonymous_8)
FNDA:0,(anonymous_9)
FNDA:0,(anonymous_10)
DA:1,2
DA:2,2
DA:5,2
DA:6,2
DA:7,0
DA:11,2
DA:12,4
DA:13,4
DA:31,4
DA:32,4
DA:35,4
DA:36,4
DA:46,2
DA:59,2
DA:61,4
DA:62,4
DA:63,0
DA:64,0
DA:65,0
DA:68,0
DA:69,0
DA:73,0
DA:74,0
DA:78,0
DA:79,0
DA:80,0
DA:81,0
DA:83,0
DA:87,2
DA:89,4
DA:92,4
DA:95,4
DA:98,4
DA:101,4
DA:102,0
DA:106,4
DA:122,4
DA:126,2
DA:127,0
DA:128,0
DA:129,0
DA:130,0
DA:134,2
DA:135,8
DA:136,7
DA:143,0
DA:144,0
DA:145,0
DA:151,4
DA:152,4
DA:153,4
DA:159,0
DA:160,0
DA:161,0
DA:167,0
DA:168,0
DA:169,0
DA:175,0
DA:176,0
DA:177,0
DA:181,2
LF:61
LH:31
BRDA:6,0,0,0
BRDA:6,0,1,2
BRDA:26,1,0,4
BRDA:26,1,1,4
BRDA:35,2,0,4
BRDA:35,2,1,0
BRDA:40,3,0,4
BRDA:40,3,1,4
BRDA:61,4,0,0
BRDA:61,4,1,4
BRDA:62,5,0,4
BRDA:62,5,1,0
BRDA:63,6,0,0
BRDA:63,6,1,0
BRDA:64,7,0,0
BRDA:64,7,1,0
BRDA:65,8,0,0
BRDA:65,8,1,0
BRDA:68,9,0,0
BRDA:68,9,1,0
BRDA:68,10,0,0
BRDA:68,10,1,0
BRDA:73,11,0,0
BRDA:73,11,1,0
BRDA:73,12,0,0
BRDA:73,12,1,0
BRDA:78,13,0,0
BRDA:78,13,1,0
BRDA:79,14,0,0
BRDA:79,14,1,0
BRDA:80,15,0,0
BRDA:80,15,1,0
BRDA:81,16,0,0
BRDA:81,16,1,0
BRDA:98,17,0,4
BRDA:98,17,1,0
BRDA:98,17,2,0
BRDA:101,18,0,0
BRDA:101,18,1,4
BRDA:101,19,0,4
BRDA:101,19,1,4
BRDA:110,20,0,4
BRDA:110,20,1,4
BRDA:111,21,0,4
BRDA:111,21,1,0
BRDA:142,22,0,0
BRDA:150,23,0,0
BRDA:158,24,0,0
BRDA:166,25,0,0
BRDA:174,26,0,0
BRF:50
BRH:15
end_of_record
TN:
SF:middleware/validation.js
FN:9,(anonymous_0)
FN:10,(anonymous_1)
FN:18,(anonymous_2)
FN:42,(anonymous_3)
FN:57,(anonymous_4)
FN:74,(anonymous_5)
FNF:6
FNH:6
FNDA:10,(anonymous_0)
FNDA:17,(anonymous_1)
FNDA:15,(anonymous_2)
FNDA:37,(anonymous_3)
FNDA:51,(anonymous_4)
FNDA:17,(anonymous_5)
DA:1,2
DA:9,2
DA:10,10
DA:11,17
DA:17,17
DA:18,15
DA:24,10
DA:32,7
DA:33,7
DA:42,2
DA:43,37
DA:45,37
DA:57,2
DA:58,51
DA:59,51
DA:60,37
DA:61,37
DA:62,0
DA:63,0
DA:65,0
DA:68,51
DA:74,2
DA:75,17
DA:76,17
DA:78,17
DA:79,17
DA:81,17
DA:82,17
DA:84,17
DA:87,2
LF:30
LH:27
BRDA:9,0,0,10
BRDA:17,1,0,10
BRDA:17,1,1,7
BRDA:43,2,0,0
BRDA:43,2,1,37
BRDA:60,3,0,37
BRDA:60,3,1,0
BRDA:62,4,0,0
BRDA:62,4,1,0
BRDA:62,5,0,0
BRDA:62,5,1,0
BRDA:75,6,0,17
BRDA:75,6,1,0
BRDA:78,7,0,17
BRDA:78,7,1,0
BRDA:81,8,0,17
BRDA:81,8,1,0
BRF:17
BRH:8
end_of_record
TN:
SF:routes/auth.cjs
FN:12,(anonymous_0)
FN:54,(anonymous_1)
FN:103,(anonymous_2)
FNF:3
FNH:2
FNDA:2,(anonymous_0)
FNDA:5,(anonymous_1)
FNDA:0,(anonymous_2)
DA:2,2
DA:3,2
DA:4,2
DA:5,2
DA:6,2
DA:7,2
DA:8,2
DA:9,2
DA:12,2
DA:13,2
DA:16,2
DA:20,2
DA:21,0
DA:25,2
DA:28,2
DA:34,2
DA:35,0
DA:39,2
DA:40,2
DA:46,2
DA:54,2
DA:55,5
DA:57,5
DA:60,5
DA:64,5
DA:65,0
DA:68,5
DA:69,5
DA:72,5
DA:73,0
DA:77,5
DA:78,5
DA:80,5
DA:81,4
DA:85,1
DA:86,1
DA:92,1
DA:103,2
DA:104,0
DA:105,0
DA:106,0
DA:108,0
DA:109,0
DA:110,0
DA:114,0
DA:115,0
DA:116,0
DA:120,0
DA:122,0
DA:123,0
DA:127,0
DA:133,0
DA:134,0
DA:135,0
DA:138,0
DA:148,0
DA:149,0
DA:153,2
LF:58
LH:35
BRDA:20,0,0,0
BRDA:20,0,1,2
BRDA:34,1,0,0
BRDA:34,1,1,2
BRDA:34,2,0,2
BRDA:34,2,1,2
BRDA:64,3,0,0
BRDA:64,3,1,5
BRDA:72,4,0,0
BRDA:72,4,1,5
BRDA:80,5,0,4
BRDA:80,5,1,1
BRDA:97,6,0,1
BRDA:97,6,1,1
BRDA:108,7,0,0
BRDA:108,7,1,0
BRDA:133,8,0,0
BRDA:133,8,1,0
BRF:18
BRH:10
end_of_record
TN:
SF:routes/crisis-chat.cjs
FN:18,(anonymous_0)
FN:32,(anonymous_1)
FN:74,(anonymous_2)
FN:116,(anonymous_3)
FNF:4
FNH:1
FNDA:1,(anonymous_0)
FNDA:0,(anonymous_1)
FNDA:0,(anonymous_2)
FNDA:0,(anonymous_3)
DA:1,2
DA:2,2
DA:3,2
DA:4,2
DA:5,2
DA:6,2
DA:7,2
DA:8,2
DA:9,2
DA:10,2
DA:11,2
DA:13,2
DA:14,2
DA:15,2
DA:18,2
DA:19,1
DA:20,1
DA:32,2
DA:33,0
DA:34,0
DA:36,0
DA:39,0
DA:40,0
DA:41,0
DA:42,0
DA:47,0
DA:52,0
DA:56,0
DA:58,0
DA:59,0
DA:64,0
DA:67,0
DA:72,0
DA:73,0
DA:74,0
DA:75,0
DA:79,0
DA:81,0
DA:82,0
DA:83,0
DA:92,0
DA:97,0
DA:98,0
DA:99,0
DA:101,0
DA:104,0
DA:108,0
DA:116,0
DA:126,2
LF:49
LH:19
BRDA:3,0,0,2
BRDA:3,0,1,0
BRDA:25,1,0,1
BRDA:25,1,1,0
BRDA:26,2,0,1
BRDA:26,2,1,0
BRDA:27,3,0,1
BRDA:27,3,1,0
BRDA:34,4,0,0
BRDA:34,4,1,0
BRDA:40,5,0,0
BRDA:40,5,1,0
BRDA:58,6,0,0
BRDA:58,6,1,0
BRDA:73,7,0,0
BRDA:73,7,1,0
BRDA:81,8,0,0
BRDA:81,8,1,0
BRF:18
BRH:4
end_of_record
TN:
SF:routes/crisis.cjs
FN:9,(anonymous_0)
FN:100,(anonymous_1)
FN:147,(anonymous_2)
FNF:3
FNH:0
FNDA:0,(anonymous_0)
FNDA:0,(anonymous_1)
FNDA:0,(anonymous_2)
DA:1,2
DA:2,2
DA:3,2
DA:4,2
DA:5,2
DA:6,2
DA:9,2
DA:10,0
DA:20,0
DA:23,0
DA:24,0
DA:26,0
DA:27,0
DA:28,0
DA:29,0
DA:32,0
DA:33,0
DA:34,0
DA:35,0
DA:38,0
DA:39,0
DA:41,0
DA:42,0
DA:44,0
DA:47,0
DA:48,0
DA:50,0
DA:51,0
DA:54,0
DA:55,0
DA:56,0
DA:59,0
DA:79,0
DA:80,0
DA:82,0
DA:94,0
DA:95,0
DA:100,2
DA:101,0
DA:102,0
DA:105,0
DA:109,0
DA:111,0
DA:112,0
DA:115,0
DA:118,0
DA:123,0
DA:126,0
DA:131,0
DA:134,0
DA:145,0
DA:147,0
DA:153,0
DA:161,0
DA:162,0
DA:166,2
LF:56
LH:9
BRDA:3,0,0,2
BRDA:3,0,1,0
BRDA:14,1,0,0
BRDA:15,2,0,0
BRDA:16,3,0,0
BRDA:17,4,0,0
BRDA:18,5,0,0
BRDA:19,6,0,0
BRDA:26,7,0,0
BRDA:26,7,1,0
BRDA:27,8,0,0
BRDA:27,8,1,0
BRDA:32,9,0,0
BRDA:32,9,1,0
BRDA:33,10,0,0
BRDA:33,10,1,0
BRDA:50,11,0,0
BRDA:50,11,1,0
BRDA:51,12,0,0
BRDA:51,12,1,0
BRDA:54,13,0,0
BRDA:54,13,1,0
BRDA:74,14,0,0
BRDA:74,14,1,0
BRDA:87,15,0,0
BRDA:87,15,1,0
BRDA:88,16,0,0
BRDA:88,16,1,0
BRDA:111,17,0,0
BRDA:111,17,1,0
BRF:30
BRH:1
end_of_record
TN:
SF:routes/payments.cjs
FN:14,(anonymous_0)
FN:39,(anonymous_1)
FN:64,(anonymous_2)
FN:111,(anonymous_3)
FN:141,(anonymous_4)
FNF:5
FNH:0
FNDA:0,(anonymous_0)
FNDA:0,(anonymous_1)
FNDA:0,(anonymous_2)
FNDA:0,(anonymous_3)
FNDA:0,(anonymous_4)
DA:2,2
DA:3,2
DA:4,2
DA:5,2
DA:6,0
DA:8,2
DA:9,2
DA:11,2
DA:14,2
DA:15,0
DA:16,0
DA:18,0
DA:19,0
DA:22,0
DA:28,0
DA:33,0
DA:34,0
DA:39,2
DA:40,0
DA:41,0
DA:56,0
DA:58,0
DA:59,0
DA:64,2
DA:65,0
DA:66,0
DA:68,0
DA:69,0
DA:73,0
DA:77,0
DA:78,0
DA:81,0
DA:84,0
DA:91,0
DA:92,0
DA:94,0
DA:100,0
DA:105,0
DA:106,0
DA:111,2
DA:112,0
DA:113,0
DA:115,0
DA:116,0
DA:119,0
DA:126,0
DA:127,0
DA:130,0
DA:135,0
DA:136,0
DA:141,2
DA:142,0
DA:143,0
DA:150,0
DA:152,0
DA:153,0
DA:157,2
LF:57
LH:13
BRDA:4,0,0,2
BRDA:4,0,1,0
BRDA:5,1,0,0
BRDA:5,1,1,2
BRDA:16,2,0,0
BRDA:18,3,0,0
BRDA:18,3,1,0
BRDA:18,4,0,0
BRDA:18,4,1,0
BRDA:68,5,0,0
BRDA:68,5,1,0
BRDA:77,6,0,0
BRDA:77,6,1,0
BRDA:115,7,0,0
BRDA:115,7,1,0
BRDA:126,8,0,0
BRDA:126,8,1,0
BRF:17
BRH:2
end_of_record
TN:
SF:routes/status.cjs
FN:5,(anonymous_0)
FNF:1
FNH:0
FNDA:0,(anonymous_0)
DA:1,2
DA:2,2
DA:5,2
DA:6,0
DA:13,0
DA:17,2
LF:6
LH:4
BRF:0
BRH:0
end_of_record
TN:
SF:routes/users.cjs
FN:17,(anonymous_0)
FN:32,(anonymous_1)
FN:62,(anonymous_2)
FN:88,(anonymous_3)
FNF:4
FNH:1
FNDA:0,(anonymous_0)
FNDA:0,(anonymous_1)
FNDA:0,(anonymous_2)
FNDA:1,(anonymous_3)
DA:2,2
DA:3,2
DA:4,2
DA:5,2
DA:6,0
DA:8,2
DA:9,2
DA:10,2
DA:11,2
DA:12,2
DA:14,2
DA:17,2
DA:18,0
DA:24,0
DA:25,0
DA:28,0
DA:32,2
DA:33,0
DA:34,0
DA:37,0
DA:38,0
DA:40,0
DA:47,0
DA:48,0
DA:51,0
DA:56,0
DA:57,0
DA:62,2
DA:63,0
DA:64,0
DA:66,0
DA:73,0
DA:74,0
DA:77,0
DA:82,0
DA:83,0
DA:88,2
DA:89,1
DA:90,1
DA:95,1
DA:96,0
DA:99,1
DA:101,0
DA:102,0
DA:106,2
LF:45
LH:19
BRDA:4,0,0,2
BRDA:4,0,1,0
BRDA:5,1,0,0
BRDA:5,1,1,2
BRDA:24,2,0,0
BRDA:24,2,1,0
BRDA:47,3,0,0
BRDA:47,3,1,0
BRDA:73,4,0,0
BRDA:73,4,1,0
BRDA:95,5,0,0
BRDA:95,5,1,1
BRF:12
BRH:3
end_of_record
TN:
SF:utils/conversation-orchestrator.js
FN:10,(anonymous_0)
FN:69,(anonymous_1)
FN:84,(anonymous_2)
FN:103,(anonymous_3)
FN:111,(anonymous_4)
FN:154,(anonymous_5)
FN:175,(anonymous_6)
FN:215,(anonymous_7)
FN:226,(anonymous_8)
FNF:9
FNH:0
FNDA:0,(anonymous_0)
FNDA:0,(anonymous_1)
FNDA:0,(anonymous_2)
FNDA:0,(anonymous_3)
FNDA:0,(anonymous_4)
FNDA:0,(anonymous_5)
FNDA:0,(anonymous_6)
FNDA:0,(anonymous_7)
FNDA:0,(anonymous_8)
DA:1,0
DA:2,0
DA:3,0
DA:4,0
DA:5,0
DA:7,0
DA:11,0
DA:12,0
DA:15,0
DA:18,0
DA:19,0
DA:26,0
DA:27,0
DA:34,0
DA:35,0
DA:42,0
DA:43,0
DA:44,0
DA:46,0
DA:47,0
DA:50,0
DA:53,0
DA:54,0
DA:56,0
DA:64,0
DA:65,0
DA:70,0
DA:71,0
DA:73,0
DA:74,0
DA:75,0
DA:77,0
DA:79,0
DA:80,0
DA:85,0
DA:88,0
DA:89,0
DA:90,0
DA:91,0
DA:95,0
DA:96,0
DA:100,0
DA:101,0
DA:102,0
DA:103,0
DA:104,0
DA:109,0
DA:110,0
DA:111,0
DA:112,0
DA:113,0
DA:114,0
DA:116,0
DA:117,0
DA:122,0
DA:123,0
DA:124,0
DA:125,0
DA:130,0
DA:131,0
DA:133,0
DA:134,0
DA:135,0
DA:136,0
DA:137,0
DA:138,0
DA:139,0
DA:140,0
DA:143,0
DA:144,0
DA:145,0
DA:146,0
DA:149,0
DA:151,0
DA:155,0
DA:176,0
DA:184,0
DA:187,0
DA:188,0
DA:193,0
DA:194,0
DA:199,0
DA:200,0
DA:205,0
DA:206,0
DA:214,0
DA:215,0
DA:216,0
DA:217,0
DA:222,0
DA:223,0
DA:227,0
DA:234,0
DA:238,0
LF:94
LH:0
BRDA:36,0,0,0
BRDA:36,0,1,0
BRDA:88,1,0,0
BRDA:88,1,1,0
BRDA:95,2,0,0
BRDA:95,2,1,0
BRDA:100,3,0,0
BRDA:100,3,1,0
BRDA:109,4,0,0
BRDA:109,4,1,0
BRDA:109,5,0,0
BRDA:109,5,1,0
BRDA:111,6,0,0
BRDA:111,6,1,0
BRDA:113,7,0,0
BRDA:113,7,1,0
BRDA:116,8,0,0
BRDA:116,8,1,0
BRDA:122,9,0,0
BRDA:122,9,1,0
BRDA:124,10,0,0
BRDA:124,10,1,0
BRDA:133,11,0,0
BRDA:133,11,1,0
BRDA:134,12,0,0
BRDA:134,12,1,0
BRDA:135,13,0,0
BRDA:135,13,1,0
BRDA:137,14,0,0
BRDA:137,14,1,0
BRDA:139,15,0,0
BRDA:139,15,1,0
BRDA:143,16,0,0
BRDA:143,16,1,0
BRDA:145,17,0,0
BRDA:145,17,1,0
BRDA:187,18,0,0
BRDA:187,18,1,0
BRDA:193,19,0,0
BRDA:193,19,1,0
BRDA:199,20,0,0
BRDA:199,20,1,0
BRDA:205,21,0,0
BRDA:205,21,1,0
BRDA:214,22,0,0
BRDA:214,22,1,0
BRDA:214,23,0,0
BRDA:214,23,1,0
BRDA:216,24,0,0
BRDA:216,24,1,0
BRDA:234,25,0,0
BRDA:234,25,1,0
BRF:52
BRH:0
end_of_record
TN:
SF:utils/conversation-state.js
FN:4,(anonymous_0)
FN:19,(anonymous_1)
FN:41,(anonymous_2)
FN:65,(anonymous_3)
FN:83,(anonymous_4)
FN:104,(anonymous_5)
FN:105,(anonymous_6)
FN:108,(anonymous_7)
FN:113,(anonymous_8)
FN:114,(anonymous_9)
FNF:10
FNH:0
FNDA:0,(anonymous_0)
FNDA:0,(anonymous_1)
FNDA:0,(anonymous_2)
FNDA:0,(anonymous_3)
FNDA:0,(anonymous_4)
FNDA:0,(anonymous_5)
FNDA:0,(anonymous_6)
FNDA:0,(anonymous_7)
FNDA:0,(anonymous_8)
FNDA:0,(anonymous_9)
DA:1,0
DA:5,0
DA:6,0
DA:7,0
DA:16,0
DA:20,0
DA:21,0
DA:26,0
DA:28,0
DA:29,0
DA:30,0
DA:31,0
DA:34,0
DA:36,0
DA:37,0
DA:42,0
DA:43,0
DA:61,0
DA:67,0
DA:73,0
DA:74,0
DA:78,0
DA:81,0
DA:82,0
DA:83,0
DA:84,0
DA:85,0
DA:90,0
DA:91,0
DA:92,0
DA:93,0
DA:97,0
DA:98,0
DA:99,0
DA:100,0
DA:105,0
DA:109,0
DA:110,0
DA:114,0
DA:115,0
DA:120,0
LF:41
LH:0
BRDA:28,0,0,0
BRDA:28,0,1,0
BRDA:30,1,0,0
BRDA:30,1,1,0
BRDA:73,2,0,0
BRDA:73,2,1,0
BRDA:82,3,0,0
BRDA:82,3,1,0
BRDA:84,4,0,0
BRDA:84,4,1,0
BRDA:90,5,0,0
BRDA:90,5,1,0
BRDA:92,6,0,0
BRDA:92,6,1,0
BRDA:97,7,0,0
BRDA:97,7,1,0
BRDA:97,8,0,0
BRDA:97,8,1,0
BRDA:99,9,0,0
BRDA:99,9,1,0
BRDA:99,10,0,0
BRDA:99,10,1,0
BRDA:99,10,2,0
BRDA:110,11,0,0
BRDA:110,11,1,0
BRF:25
BRH:0
end_of_record
TN:
SF:utils/helpers.cjs
FNF:0
FNH:0
LF:0
LH:0
BRF:0
BRH:0
end_of_record
TN:
SF:utils/intent-engine.js
FN:2,(anonymous_0)
FN:82,(anonymous_1)
FN:87,(anonymous_2)
FN:95,(anonymous_3)
FN:98,(anonymous_4)
FN:104,(anonymous_5)
FN:107,(anonymous_6)
FN:113,(anonymous_7)
FN:116,(anonymous_8)
FN:122,(anonymous_9)
FN:125,(anonymous_10)
FN:131,(anonymous_11)
FN:134,(anonymous_12)
FN:139,(anonymous_13)
FN:142,(anonymous_14)
FN:146,(anonymous_15)
FN:154,(anonymous_16)
FNF:17
FNH:0
FNDA:0,(anonymous_0)
FNDA:0,(anonymous_1)
FNDA:0,(anonymous_2)
FNDA:0,(anonymous_3)
FNDA:0,(anonymous_4)
FNDA:0,(anonymous_5)
FNDA:0,(anonymous_6)
FNDA:0,(anonymous_7)
FNDA:0,(anonymous_8)
FNDA:0,(anonymous_9)
FNDA:0,(anonymous_10)
FNDA:0,(anonymous_11)
FNDA:0,(anonymous_12)
FNDA:0,(anonymous_13)
FNDA:0,(anonymous_14)
FNDA:0,(anonymous_15)
FNDA:0,(anonymous_16)
DA:3,0
DA:5,0
DA:15,0
DA:16,0
DA:17,0
DA:21,0
DA:22,0
DA:23,0
DA:24,0
DA:28,0
DA:29,0
DA:30,0
DA:31,0
DA:35,0
DA:36,0
DA:37,0
DA:38,0
DA:39,0
DA:43,0
DA:44,0
DA:45,0
DA:46,0
DA:50,0
DA:51,0
DA:52,0
DA:53,0
DA:57,0
DA:58,0
DA:59,0
DA:60,0
DA:64,0
DA:65,0
DA:66,0
DA:70,0
DA:71,0
DA:75,0
DA:76,0
DA:79,0
DA:84,0
DA:88,0
DA:95,0
DA:99,0
DA:104,0
DA:108,0
DA:113,0
DA:117,0
DA:122,0
DA:126,0
DA:131,0
DA:135,0
DA:139,0
DA:143,0
DA:147,0
DA:148,0
DA:149,0
DA:150,0
DA:151,0
DA:155,0
DA:156,0
DA:158,0
DA:160,0
DA:161,0
DA:162,0
DA:163,0
DA:165,0
DA:169,0
LF:66
LH:0
BRDA:15,0,0,0
BRDA:15,0,1,0
BRDA:21,1,0,0
BRDA:21,1,1,0
BRDA:28,2,0,0
BRDA:28,2,1,0
BRDA:35,3,0,0
BRDA:35,3,1,0
BRDA:43,4,0,0
BRDA:43,4,1,0
BRDA:50,5,0,0
BRDA:50,5,1,0
BRDA:57,6,0,0
BRDA:57,6,1,0
BRDA:64,7,0,0
BRDA:64,7,1,0
BRDA:70,8,0,0
BRDA:70,8,1,0
BRDA:75,9,0,0
BRDA:75,9,1,0
BRDA:76,10,0,0
BRDA:76,10,1,0
BRDA:148,11,0,0
BRDA:148,11,1,0
BRDA:150,12,0,0
BRDA:150,12,1,0
BRDA:156,13,0,0
BRDA:156,13,1,0
BRDA:160,14,0,0
BRDA:160,14,1,0
BRDA:161,15,0,0
BRDA:161,15,1,0
BRDA:162,16,0,0
BRDA:162,16,1,0
BRDA:163,17,0,0
BRDA:163,17,1,0
BRF:36
BRH:0
end_of_record
TN:
SF:utils/knowledge-retrieval.js
FN:5,(anonymous_0)
FN:144,(anonymous_1)
FN:163,(anonymous_2)
FN:167,(anonymous_3)
FN:189,(anonymous_4)
FN:197,(anonymous_5)
FN:218,(anonymous_6)
FN:319,(anonymous_7)
FN:337,(anonymous_8)
FN:339,(anonymous_9)
FN:340,(anonymous_10)
FN:359,(anonymous_11)
FN:385,(anonymous_12)
FN:402,(anonymous_13)
FN:422,(anonymous_14)
FN:439,(anonymous_15)
FN:458,(anonymous_16)
FN:460,(anonymous_17)
FN:461,(anonymous_18)
FN:477,(anonymous_19)
FNF:20
FNH:0
FNDA:0,(anonymous_0)
FNDA:0,(anonymous_1)
FNDA:0,(anonymous_2)
FNDA:0,(anonymous_3)
FNDA:0,(anonymous_4)
FNDA:0,(anonymous_5)
FNDA:0,(anonymous_6)
FNDA:0,(anonymous_7)
FNDA:0,(anonymous_8)
FNDA:0,(anonymous_9)
FNDA:0,(anonymous_10)
FNDA:0,(anonymous_11)
FNDA:0,(anonymous_12)
FNDA:0,(anonymous_13)
FNDA:0,(anonymous_14)
FNDA:0,(anonymous_15)
FNDA:0,(anonymous_16)
FNDA:0,(anonymous_17)
FNDA:0,(anonymous_18)
FNDA:0,(anonymous_19)
DA:1,2
DA:2,2
DA:6,0
DA:7,0
DA:9,0
DA:10,0
DA:11,0
DA:13,0
DA:15,0
DA:16,0
DA:17,0
DA:19,0
DA:20,0
DA:21,0
DA:24,0
DA:25,0
DA:26,0
DA:27,0
DA:28,0
DA:29,0
DA:31,0
DA:32,0
DA:35,0
DA:36,0
DA:61,0
DA:62,0
DA:69,0
DA:70,0
DA:71,0
DA:78,0
DA:79,0
DA:80,0
DA:82,0
DA:85,0
DA:86,0
DA:90,0
DA:93,0
DA:94,0
DA:95,0
DA:105,0
DA:106,0
DA:107,0
DA:110,0
DA:114,0
DA:117,0
DA:125,0
DA:136,0
DA:144,0
DA:146,0
DA:151,0
DA:157,0
DA:159,0
DA:160,0
DA:162,0
DA:163,0
DA:164,0
DA:165,0
DA:167,0
DA:168,0
DA:171,0
DA:172,0
DA:176,0
DA:178,0
DA:189,0
DA:191,0
DA:192,0
DA:194,0
DA:195,0
DA:196,0
DA:197,0
DA:198,0
DA:200,0
DA:201,0
DA:204,0
DA:205,0
DA:208,0
DA:209,0
DA:213,0
DA:214,0
DA:216,0
DA:217,0
DA:218,0
DA:219,0
DA:221,0
DA:222,0
DA:225,0
DA:226,0
DA:230,0
DA:231,0
DA:234,0
DA:235,0
DA:236,0
DA:238,0
DA:239,0
DA:240,0
DA:241,0
DA:242,0
DA:243,0
DA:245,0
DA:247,0
DA:248,0
DA:249,0
DA:250,0
DA:252,0
DA:256,0
DA:260,0
DA:261,0
DA:265,0
DA:266,0
DA:267,0
DA:269,0
DA:274,0
DA:275,0
DA:276,0
DA:280,0
DA:281,0
DA:282,0
DA:286,0
DA:287,0
DA:288,0
DA:289,0
DA:294,0
DA:295,0
DA:303,0
DA:304,0
DA:306,0
DA:310,0
DA:312,0
DA:313,0
DA:316,0
DA:320,0
DA:321,0
DA:330,0
DA:332,0
DA:333,0
DA:338,0
DA:339,0
DA:340,0
DA:342,0
DA:352,0
DA:354,0
DA:355,0
DA:360,0
DA:361,0
DA:362,0
DA:364,0
DA:365,0
DA:368,0
DA:378,0
DA:380,0
DA:381,0
DA:386,0
DA:387,0
DA:397,0
DA:398,0
DA:403,0
DA:404,0
DA:415,0
DA:417,0
DA:418,0
DA:423,0
DA:424,0
DA:434,0
DA:435,0
DA:440,0
DA:441,0
DA:453,0
DA:454,0
DA:459,0
DA:460,0
DA:461,0
DA:463,0
DA:472,0
DA:473,0
DA:478,0
DA:481,0
DA:482,0
DA:486,0
DA:487,0
DA:490,0
DA:494,2
LF:181
LH:3
BRDA:15,0,0,0
BRDA:15,0,1,0
BRDA:15,1,0,0
BRDA:15,1,1,0
BRDA:15,2,0,0
BRDA:15,2,1,0
BRDA:16,3,0,0
BRDA:16,3,1,0
BRDA:21,4,0,0
BRDA:21,4,1,0
BRDA:28,5,0,0
BRDA:28,5,1,0
BRDA:31,6,0,0
BRDA:31,6,1,0
BRDA:74,7,0,0
BRDA:74,7,1,0
BRDA:78,8,0,0
BRDA:78,8,1,0
BRDA:78,9,0,0
BRDA:78,9,1,0
BRDA:105,10,0,0
BRDA:105,10,1,0
BRDA:105,11,0,0
BRDA:105,11,1,0
BRDA:106,12,0,0
BRDA:106,12,1,0
BRDA:160,13,0,0
BRDA:160,13,1,0
BRDA:162,14,0,0
BRDA:162,14,1,0
BRDA:162,15,0,0
BRDA:162,15,1,0
BRDA:164,16,0,0
BRDA:164,16,1,0
BRDA:164,16,2,0
BRDA:168,17,0,0
BRDA:168,17,1,0
BRDA:168,17,2,0
BRDA:176,18,0,0
BRDA:176,18,1,0
BRDA:191,19,0,0
BRDA:191,19,1,0
BRDA:196,20,0,0
BRDA:196,20,1,0
BRDA:196,21,0,0
BRDA:196,21,1,0
BRDA:217,22,0,0
BRDA:217,22,1,0
BRDA:217,23,0,0
BRDA:217,23,1,0
BRDA:234,24,0,0
BRDA:234,24,1,0
BRDA:238,25,0,0
BRDA:238,25,1,0
BRDA:240,26,0,0
BRDA:240,26,1,0
BRDA:242,27,0,0
BRDA:242,27,1,0
BRDA:247,28,0,0
BRDA:247,28,1,0
BRDA:249,29,0,0
BRDA:249,29,1,0
BRDA:260,30,0,0
BRDA:260,30,1,0
BRDA:265,31,0,0
BRDA:265,31,1,0
BRDA:266,32,0,0
BRDA:266,32,1,0
BRDA:266,33,0,0
BRDA:266,33,1,0
BRDA:274,34,0,0
BRDA:274,34,1,0
BRDA:280,35,0,0
BRDA:280,35,1,0
BRDA:280,36,0,0
BRDA:280,36,1,0
BRDA:286,37,0,0
BRDA:286,37,1,0
BRDA:287,38,0,0
BRDA:287,38,1,0
BRDA:288,39,0,0
BRDA:288,39,1,0
BRDA:294,40,0,0
BRDA:294,40,1,0
BRDA:303,41,0,0
BRDA:303,41,1,0
BRDA:359,42,0,0
BRDA:364,43,0,0
BRDA:364,43,1,0
BRDA:481,44,0,0
BRDA:481,44,1,0
BRDA:486,45,0,0
BRDA:486,45,1,0
BRDA:486,46,0,0
BRDA:486,46,1,0
BRF:95
BRH:0
end_of_record
TN:
SF:utils/response-strategy.js
FN:2,(anonymous_0)
FN:45,(anonymous_1)
FN:57,(anonymous_2)
FN:70,(anonymous_3)
FN:82,(anonymous_4)
FN:94,(anonymous_5)
FN:106,(anonymous_6)
FN:118,(anonymous_7)
FNF:8
FNH:0
FNDA:0,(anonymous_0)
FNDA:0,(anonymous_1)
FNDA:0,(anonymous_2)
FNDA:0,(anonymous_3)
FNDA:0,(anonymous_4)
FNDA:0,(anonymous_5)
FNDA:0,(anonymous_6)
FNDA:0,(anonymous_7)
DA:3,0
DA:14,0
DA:24,0
DA:27,0
DA:28,0
DA:29,0
DA:30,0
DA:31,0
DA:32,0
DA:36,0
DA:37,0
DA:38,0
DA:39,0
DA:42,0
DA:46,0
DA:58,0
DA:71,0
DA:83,0
DA:95,0
DA:107,0
DA:119,0
DA:122,0
DA:134,0
LF:23
LH:0
BRDA:24,0,0,0
BRDA:24,0,1,0
BRDA:27,1,0,0
BRDA:27,1,1,0
BRDA:30,2,0,0
BRDA:30,2,1,0
BRDA:36,3,0,0
BRDA:36,3,1,0
BRDA:47,4,0,0
BRDA:47,4,1,0
BRDA:51,5,0,0
BRDA:51,5,1,0
BRDA:61,6,0,0
BRDA:61,6,1,0
BRDA:119,7,0,0
BRDA:119,7,1,0
BRDA:125,8,0,0
BRDA:125,8,1,0
BRF:18
BRH:0
end_of_record
